Arguments: 
  /usr/local/bin/node /usr/local/Cellar/yarn/1.22.10/libexec/bin/yarn.js add https://github.com/spirit-drive/trans/master

PATH: 
  /Library/Frameworks/Python.framework/Versions/3.8/bin:/usr/local/bin:/usr/bin:/bin:/usr/sbin:/sbin:/Users/igor/Documents/trans-react/node_modules/.bin

Yarn version: 
  1.22.10

Node version: 
  14.17.3

Platform: 
  darwin x64

Trace: 
  Error: https://github.com/spirit-drive/trans/master: Request failed "404 Not Found"
      at ResponseError.ExtendableBuiltin (/usr/local/Cellar/yarn/1.22.10/libexec/lib/cli.js:696:66)
      at new ResponseError (/usr/local/Cellar/yarn/1.22.10/libexec/lib/cli.js:802:124)
      at Request.<anonymous> (/usr/local/Cellar/yarn/1.22.10/libexec/lib/cli.js:67058:16)
      at Request.emit (events.js:375:28)
      at Request.module.exports.Request.onRequestResponse (/usr/local/Cellar/yarn/1.22.10/libexec/lib/cli.js:141626:10)
      at ClientRequest.emit (events.js:375:28)
      at HTTPParser.parserOnIncomingClient (_http_client.js:647:27)
      at HTTPParser.parserOnHeadersComplete (_http_common.js:126:17)
      at HTTPParser.execute (<anonymous>)
      at TLSSocket.socketOnData (_http_client.js:515:22)

npm manifest: 
  {
    "name": "react-trans",
    "version": "1.0.0",
    "main": "index.js",
    "license": "MIT",
    "sideEffects": [
      "**/*.sass"
    ],
    "scripts": {
      "start": "webpack serve --mode development",
      "lint": "eslint --fix src",
      "build": "webpack --mode production",
      "test": "jest src",
      "heroku-push": "git push heroku master",
      "prepare": "husky install"
    },
    "husky": {
      "hooks": {
        "pre-commit": "lint-staged"
      }
    },
    "lint-staged": {
      "{*.tsx,*.ts,*.js}": [
        "eslint --fix src",
        "prettier --write src",
        "jest src"
      ]
    },
    "jest": {
      "moduleFileExtensions": [
        "ts",
        "tsx",
        "js"
      ],
      "moduleNameMapper": {
        "\\.(jpg|jpeg|png|gif|eot|otf|webp|svg|ttf|woff|woff2|mp4|webm|wav|mp3|m4a|aac|oga)$": "<rootDir>/__mocks__/fileMock.js",
        "\\.(css|less|sass)$": "identity-obj-proxy"
      },
      "transform": {
        "^.+\\.(js)$": "<rootDir>/node_modules/babel-jest",
        "\\.(ts|tsx)$": "ts-jest"
      },
      "modulePaths": [
        "src"
      ],
      "testRegex": "(/__tests__/.*|\\.(test|spec))\\.(ts|tsx|js)$",
      "testPathIgnorePatterns": [
        "\\.snap$",
        "\\.sass$",
        "<rootDir>/node_modules/"
      ],
      "cacheDirectory": ".jest/cache"
    },
    "private": true,
    "devDependencies": {
      "@babel/node": "^7.14.7",
      "@babel/runtime": "^7.14.8",
      "@babel/core": "^7.14.8",
      "@babel/plugin-proposal-class-properties": "^7.14.5",
      "@babel/plugin-transform-runtime": "^7.14.5",
      "@babel/preset-env": "^7.14.8",
      "@babel/preset-react": "^7.14.5",
      "@babel/preset-typescript": "^7.14.5",
      "@types/apollo-upload-client": "^14.1.0",
      "@types/node": "^16.4.1",
      "@types/react-dom": "^17.0.9",
      "@types/react-helmet": "^6.1.2",
      "@types/react-redux": "^7.1.18",
      "@types/react-router-dom": "^5.1.8",
      "@typescript-eslint/eslint-plugin": "^4.28.4",
      "@typescript-eslint/parser": "^4.28.4",
      "autoprefixer": "^10.3.1",
      "babel-eslint": "^10.1.0",
      "babel-loader": "^8.2.2",
      "babel-plugin-dynamic-import-webpack": "^1.1.0",
      "babel-preset-react": "^6.24.1",
      "cache-loader": "^4.1.0",
      "clean-webpack-plugin": "^4.0.0-alpha.0",
      "eslint": "^7.31.0",
      "eslint-config-airbnb": "^18.2.1",
      "eslint-config-prettier": "^8.3.0",
      "eslint-plugin-import": "^2.23.4",
      "eslint-plugin-jsx-a11y": "^6.4.1",
      "eslint-plugin-prettier": "^3.4.0",
      "eslint-plugin-react": "^7.24.0",
      "eslint-plugin-react-hooks": "^4.2.0",
      "html-webpack-plugin": "^5.3.2",
      "husky": "^7.0.0",
      "identity-obj-proxy": "^3.0.0",
      "jest": "^27.0.6",
      "lint-staged": "^11.1.0",
      "path": "^0.12.7",
      "prettier": "^2.3.2",
      "react-styleguidist": "^11.1.7",
      "react-test-renderer": "^17.0.2",
      "terser-webpack-plugin": "^5.1.4",
      "ts-jest": "^27.0.4",
      "ts-loader": "^9.2.3",
      "ts-node": "^10.1.0",
      "ts-node-dev": "^1.1.8",
      "typescript": "^4.3.5",
      "webpack": "^5.46.0",
      "webpack-bundle-analyzer": "^4.4.2",
      "webpack-cli": "^4.7.2",
      "webpack-dev-server": "^3.11.2"
    },
    "dependencies": {
      "react": "^17.0.2",
      "react-dom": "^17.0.2"
    }
  }

yarn manifest: 
  No manifest

Lockfile: 
  No lockfile
